Compilación iniciada a las 04/05/2016 12:52:19.
     1>Proyecto "C:\Users\Maria Jose\Documents\GitHub\Pokemon-Random\Pokemon Random\Pokemon Random\Pokemon Random.vcxproj" en el nodo 2 (Build destinos).
     1>ClCompile:
         C:\Program Files (x86)\Microsoft Visual Studio 11.0\VC\bin\CL.exe /c /ZI /nologo /W3 /WX- /Od /Oy- /D WIN32 /D _DEBUG /D _CONSOLE /D _UNICODE /D UNICODE /Gm /EHsc /RTC1 /MDd /GS /fp:precise /Zc:wchar_t /Zc:forScope /Fo"Debug\\" /Fd"Debug\vc110.pdb" /Gd /TP /analyze- /errorReport:prompt Animacion.cpp Jugador.cpp Main.cpp Mundo.cpp Textura.cpp
         Animacion.cpp
         Generando código...
         Compilando...
         Textura.cpp
         Mundo.cpp
         Main.cpp
         Jugador.cpp
         Generando código...
       Link:
         C:\Program Files (x86)\Microsoft Visual Studio 11.0\VC\bin\link.exe /ERRORREPORT:PROMPT /OUT:"C:\Users\Maria Jose\Documents\GitHub\Pokemon-Random\Pokemon Random\Debug\Pokemon Random.exe" /INCREMENTAL /NOLOGO SDL2.lib SDL2main.lib SDL2_image.lib kernel32.lib user32.lib gdi32.lib winspool.lib comdlg32.lib advapi32.lib shell32.lib ole32.lib oleaut32.lib uuid.lib odbc32.lib odbccp32.lib /MANIFEST /MANIFESTUAC:"level='asInvoker' uiAccess='false'" /manifest:embed /DEBUG /PDB:"C:\Users\Maria Jose\Documents\GitHub\Pokemon-Random\Pokemon Random\Debug\Pokemon Random.pdb" /SUBSYSTEM:CONSOLE /TLBID:1 /DYNAMICBASE /NXCOMPAT /IMPLIB:"C:\Users\Maria Jose\Documents\GitHub\Pokemon-Random\Pokemon Random\Debug\Pokemon Random.lib" /MACHINE:X86 Debug\Animacion.obj
         Debug\Jugador.obj
         Debug\Main.obj
         Debug\Mundo.obj
         Debug\Textura.obj
         Debug\Vector2D.obj
         Pokemon Random.vcxproj -> C:\Users\Maria Jose\Documents\GitHub\Pokemon-Random\Pokemon Random\Debug\Pokemon Random.exe
     1>Compilación del proyecto terminada "C:\Users\Maria Jose\Documents\GitHub\Pokemon-Random\Pokemon Random\Pokemon Random\Pokemon Random.vcxproj" (Build destinos).

Compilación correcta.

Tiempo transcurrido 00:00:11.28
