Compilación iniciada a las 10/06/2016 11:17:07.
     1>Proyecto "C:\Users\Maria Jose\Documents\GitHub\Pokemon-Random\Fight\Fight\Fight.vcxproj" en el nodo 2 (Build destinos).
     1>ClCompile:
         C:\Program Files (x86)\Microsoft Visual Studio 11.0\VC\bin\CL.exe /c /ZI /nologo /W3 /WX- /Od /Oy- /D _MBCS /Gm /EHsc /RTC1 /MDd /GS /fp:precise /Zc:wchar_t /Zc:forScope /Fo"Debug\\" /Fd"Debug\vc110.pdb" /Gd /TP /analyze- /errorReport:prompt Source.cpp src\Fight.cpp src\Player.cpp
         Fight.cpp
         Generando código...
         Compilando...
         Source.cpp
         Generando código...
         Omitiendo... (no se detectaron cambios relevantes)
         Player.cpp
       Link:
         C:\Program Files (x86)\Microsoft Visual Studio 11.0\VC\bin\link.exe /ERRORREPORT:PROMPT /OUT:"C:\Users\Maria Jose\Documents\GitHub\Pokemon-Random\Fight\Debug\Fight.exe" /INCREMENTAL /NOLOGO SDL2.lib SDL2main.lib SDL2_image.lib SDL2_ttf.lib kernel32.lib user32.lib gdi32.lib winspool.lib comdlg32.lib advapi32.lib shell32.lib ole32.lib oleaut32.lib uuid.lib odbc32.lib odbccp32.lib /MANIFEST /MANIFESTUAC:"level='asInvoker' uiAccess='false'" /manifest:embed /DEBUG /PDB:"C:\Users\Maria Jose\Documents\GitHub\Pokemon-Random\Fight\Debug\Fight.pdb" /SUBSYSTEM:CONSOLE /TLBID:1 /DYNAMICBASE /NXCOMPAT /IMPLIB:"C:\Users\Maria Jose\Documents\GitHub\Pokemon-Random\Fight\Debug\Fight.lib" /MACHINE:X86 Debug\Source.obj
         Debug\Attack.obj
         Debug\Constants.obj
         Debug\Enemy.obj
         Debug\Fight.obj
         Debug\Player.obj
         Debug\Pokemon.obj
         Debug\Texture.obj
         Debug\Vector2D.obj
         Fight.vcxproj -> C:\Users\Maria Jose\Documents\GitHub\Pokemon-Random\Fight\Debug\Fight.exe
     1>Compilación del proyecto terminada "C:\Users\Maria Jose\Documents\GitHub\Pokemon-Random\Fight\Fight\Fight.vcxproj" (Build destinos).

Compilación correcta.

Tiempo transcurrido 00:00:07.01
