  Vector2D.cpp
  Timer.cpp
  Texture.cpp
  Pokemon.cpp
  Player_Trainer.cpp
  Player.cpp
  Mundo.cpp
  Movable_Trainer.cpp
  Map.cpp
  Main.cpp
  Fight.cpp
  Enemy.cpp
  Constants.cpp
  Attack.cpp
  Animation.cpp
c:\users\pc\desktop\pokemon-random\unified_pokemon_random\adventure\animation.cpp(112): warning C4018: '>': signed/unsigned mismatch
c:\users\pc\desktop\pokemon-random\unified_pokemon_random\adventure\animation.cpp(126): warning C4244: 'argument': conversion from 'int' to 'float', possible loss of data
c:\users\pc\desktop\pokemon-random\unified_pokemon_random\adventure\animation.cpp(135): warning C4244: 'argument': conversion from 'int' to 'float', possible loss of data
c:\users\pc\desktop\pokemon-random\unified_pokemon_random\adventure\animation.cpp(147): warning C4018: '>': signed/unsigned mismatch
c:\users\pc\desktop\pokemon-random\unified_pokemon_random\adventure\animation.cpp(157): warning C4244: 'argument': conversion from 'int' to 'float', possible loss of data
c:\users\pc\desktop\pokemon-random\unified_pokemon_random\adventure\animation.cpp(167): warning C4244: 'argument': conversion from 'int' to 'float', possible loss of data
c:\users\pc\desktop\pokemon-random\unified_pokemon_random\adventure\animation.cpp(174): warning C4244: 'argument': conversion from 'int' to 'float', possible loss of data
c:\users\pc\desktop\pokemon-random\unified_pokemon_random\adventure\animation.cpp(183): warning C4244: 'argument': conversion from 'float' to 'int', possible loss of data
c:\users\pc\desktop\pokemon-random\unified_pokemon_random\adventure\animation.cpp(193): warning C4244: 'argument': conversion from 'float' to 'int', possible loss of data
  Generating Code...
  Adventure.vcxproj -> C:\Users\pc\Desktop\Pokemon-Random\Unified_Pokemon_Random\Debug\Adventure.exe
